  net.cpp
d:\ray\blockchain\bitcoin\bitcoin-refactor\serialize.h(606): warning C4002: too many arguments for function-like macro invocation '__deallocate'
d:\ray\blockchain\bitcoin\bitcoin-refactor\serialize.h(585): warning C4996: 'std::allocator<_Ty>::size_type': warning STL4010: Various members of std::allocator are deprecated in C++17. Use std::allocator_traits instead of accessing these members directly. You can define _SILENCE_CXX17_OLD_ALLOCATOR_MEMBERS_DEPRECATION_WARNING or _SILENCE_ALL_CXX17_DEPRECATION_WARNINGS to acknowledge that you have received this warning.
  d:\vs2017\vc\tools\msvc\14.15.26726\include\xmemory0(957): note: see declaration of 'std::allocator<_Ty>::size_type'
  d:\ray\blockchain\bitcoin\bitcoin-refactor\serialize.h(608): note: see reference to class template instantiation 'secure_allocator<T>' being compiled
d:\ray\blockchain\bitcoin\bitcoin-refactor\serialize.h(587): warning C4996: 'std::allocator<_Ty>::pointer': warning STL4010: Various members of std::allocator are deprecated in C++17. Use std::allocator_traits instead of accessing these members directly. You can define _SILENCE_CXX17_OLD_ALLOCATOR_MEMBERS_DEPRECATION_WARNING or _SILENCE_ALL_CXX17_DEPRECATION_WARNINGS to acknowledge that you have received this warning.
  d:\vs2017\vc\tools\msvc\14.15.26726\include\xmemory0(951): note: see declaration of 'std::allocator<_Ty>::pointer'
d:\ray\blockchain\bitcoin\bitcoin-refactor\serialize.h(588): warning C4996: 'std::allocator<_Ty>::const_pointer': warning STL4010: Various members of std::allocator are deprecated in C++17. Use std::allocator_traits instead of accessing these members directly. You can define _SILENCE_CXX17_OLD_ALLOCATOR_MEMBERS_DEPRECATION_WARNING or _SILENCE_ALL_CXX17_DEPRECATION_WARNINGS to acknowledge that you have received this warning.
  d:\vs2017\vc\tools\msvc\14.15.26726\include\xmemory0(952): note: see declaration of 'std::allocator<_Ty>::const_pointer'
d:\ray\blockchain\bitcoin\bitcoin-refactor\serialize.h(589): warning C4996: 'std::allocator<_Ty>::reference': warning STL4010: Various members of std::allocator are deprecated in C++17. Use std::allocator_traits instead of accessing these members directly. You can define _SILENCE_CXX17_OLD_ALLOCATOR_MEMBERS_DEPRECATION_WARNING or _SILENCE_ALL_CXX17_DEPRECATION_WARNINGS to acknowledge that you have received this warning.
  d:\vs2017\vc\tools\msvc\14.15.26726\include\xmemory0(954): note: see declaration of 'std::allocator<_Ty>::reference'
d:\ray\blockchain\bitcoin\bitcoin-refactor\serialize.h(590): warning C4996: 'std::allocator<_Ty>::const_reference': warning STL4010: Various members of std::allocator are deprecated in C++17. Use std::allocator_traits instead of accessing these members directly. You can define _SILENCE_CXX17_OLD_ALLOCATOR_MEMBERS_DEPRECATION_WARNING or _SILENCE_ALL_CXX17_DEPRECATION_WARNINGS to acknowledge that you have received this warning.
  d:\vs2017\vc\tools\msvc\14.15.26726\include\xmemory0(955): note: see declaration of 'std::allocator<_Ty>::const_reference'
d:\ray\blockchain\bitcoin\bitcoin-refactor\serialize.h(708): warning C4018: '<=': signed/unsigned mismatch
d:\ray\blockchain\bitcoin\bitcoin-refactor\net.h(23): warning C4309: 'initializing': truncation of constant value
d:\ray\blockchain\bitcoin\bitcoin-refactor\net.h(107): warning C4244: '=': conversion from 'int64' to 'unsigned int', possible loss of data
d:\ray\blockchain\bitcoin\bitcoin-refactor\net.h(117): warning C4244: '=': conversion from 'int64' to 'unsigned int', possible loss of data
d:\ray\blockchain\bitcoin\bitcoin-refactor\net.h(127): warning C4244: '=': conversion from 'int64' to 'unsigned int', possible loss of data
d:\ray\blockchain\bitcoin\bitcoin-refactor\net.h(137): warning C4244: '=': conversion from 'int64' to 'unsigned int', possible loss of data
  util.cpp
d:\ray\blockchain\bitcoin\bitcoin-refactor\serialize.h(606): warning C4002: too many arguments for function-like macro invocation '__deallocate'
d:\ray\blockchain\bitcoin\bitcoin-refactor\serialize.h(585): warning C4996: 'std::allocator<_Ty>::size_type': warning STL4010: Various members of std::allocator are deprecated in C++17. Use std::allocator_traits instead of accessing these members directly. You can define _SILENCE_CXX17_OLD_ALLOCATOR_MEMBERS_DEPRECATION_WARNING or _SILENCE_ALL_CXX17_DEPRECATION_WARNINGS to acknowledge that you have received this warning.
  d:\vs2017\vc\tools\msvc\14.15.26726\include\xmemory0(957): note: see declaration of 'std::allocator<_Ty>::size_type'
  d:\ray\blockchain\bitcoin\bitcoin-refactor\serialize.h(608): note: see reference to class template instantiation 'secure_allocator<T>' being compiled
d:\ray\blockchain\bitcoin\bitcoin-refactor\serialize.h(587): warning C4996: 'std::allocator<_Ty>::pointer': warning STL4010: Various members of std::allocator are deprecated in C++17. Use std::allocator_traits instead of accessing these members directly. You can define _SILENCE_CXX17_OLD_ALLOCATOR_MEMBERS_DEPRECATION_WARNING or _SILENCE_ALL_CXX17_DEPRECATION_WARNINGS to acknowledge that you have received this warning.
  d:\vs2017\vc\tools\msvc\14.15.26726\include\xmemory0(951): note: see declaration of 'std::allocator<_Ty>::pointer'
d:\ray\blockchain\bitcoin\bitcoin-refactor\serialize.h(588): warning C4996: 'std::allocator<_Ty>::const_pointer': warning STL4010: Various members of std::allocator are deprecated in C++17. Use std::allocator_traits instead of accessing these members directly. You can define _SILENCE_CXX17_OLD_ALLOCATOR_MEMBERS_DEPRECATION_WARNING or _SILENCE_ALL_CXX17_DEPRECATION_WARNINGS to acknowledge that you have received this warning.
  d:\vs2017\vc\tools\msvc\14.15.26726\include\xmemory0(952): note: see declaration of 'std::allocator<_Ty>::const_pointer'
d:\ray\blockchain\bitcoin\bitcoin-refactor\serialize.h(589): warning C4996: 'std::allocator<_Ty>::reference': warning STL4010: Various members of std::allocator are deprecated in C++17. Use std::allocator_traits instead of accessing these members directly. You can define _SILENCE_CXX17_OLD_ALLOCATOR_MEMBERS_DEPRECATION_WARNING or _SILENCE_ALL_CXX17_DEPRECATION_WARNINGS to acknowledge that you have received this warning.
  d:\vs2017\vc\tools\msvc\14.15.26726\include\xmemory0(954): note: see declaration of 'std::allocator<_Ty>::reference'
d:\ray\blockchain\bitcoin\bitcoin-refactor\serialize.h(590): warning C4996: 'std::allocator<_Ty>::const_reference': warning STL4010: Various members of std::allocator are deprecated in C++17. Use std::allocator_traits instead of accessing these members directly. You can define _SILENCE_CXX17_OLD_ALLOCATOR_MEMBERS_DEPRECATION_WARNING or _SILENCE_ALL_CXX17_DEPRECATION_WARNINGS to acknowledge that you have received this warning.
  d:\vs2017\vc\tools\msvc\14.15.26726\include\xmemory0(955): note: see declaration of 'std::allocator<_Ty>::const_reference'
d:\ray\blockchain\bitcoin\bitcoin-refactor\serialize.h(708): warning C4018: '<=': signed/unsigned mismatch
d:\ray\blockchain\bitcoin\bitcoin-refactor\net.h(23): warning C4309: 'initializing': truncation of constant value
d:\ray\blockchain\bitcoin\bitcoin-refactor\net.h(107): warning C4244: '=': conversion from 'int64' to 'unsigned int', possible loss of data
d:\ray\blockchain\bitcoin\bitcoin-refactor\net.h(117): warning C4244: '=': conversion from 'int64' to 'unsigned int', possible loss of data
d:\ray\blockchain\bitcoin\bitcoin-refactor\net.h(127): warning C4244: '=': conversion from 'int64' to 'unsigned int', possible loss of data
d:\ray\blockchain\bitcoin\bitcoin-refactor\net.h(137): warning C4244: '=': conversion from 'int64' to 'unsigned int', possible loss of data
  Generating Code...
  bitcoin-refactor.vcxproj -> D:\Ray\BlockChain\Bitcoin\bitcoin-refactor\Debug\bitcoin-refactor.exe
